<?xml version="1.0" encoding="UTF-8"?>
<!-- Generated by org.testng.reporters.JUnitXMLReporter -->
<testsuite hostname="DESKTOP-US5UP01" ignored="0" name="Default test" tests="3" failures="0" timestamp="03 Jan 2020 12:03:57 GMT" time="0.062" errors="0">
  <testcase name="testCase3" time="0.019" classname="com.annotationtest.dependency"/>
  <testcase name="testCase2" time="0.002" classname="com.annotationtest.dependency"/>
  <testcase name="testCase1" time="0.005" classname="com.annotationtest.dependency"/>
</testsuite> <!-- Default test -->
