<?xml version="1.0" encoding="UTF-8"?>
<testng-results skipped="0" failed="0" ignored="0" total="3" passed="3">
  <reporter-output>
  </reporter-output>
  <suite name="Default suite" duration-ms="62" started-at="2020-01-03T12:03:57Z" finished-at="2020-01-03T12:03:57Z">
    <groups>
    </groups>
    <test name="Default test" duration-ms="62" started-at="2020-01-03T12:03:57Z" finished-at="2020-01-03T12:03:57Z">
      <class name="com.annotationtest.dependency">
        <test-method status="PASS" signature="testCase3()[pri:0, instance:com.annotationtest.dependency@8bd1b6a]" name="testCase3" duration-ms="19" started-at="2020-01-03T17:33:57Z" finished-at="2020-01-03T17:33:57Z">
          <reporter-output>
          </reporter-output>
        </test-method> <!-- testCase3 -->
        <test-method status="PASS" signature="testCase2()[pri:0, instance:com.annotationtest.dependency@8bd1b6a]" name="testCase2" duration-ms="2" started-at="2020-01-03T17:33:57Z" finished-at="2020-01-03T17:33:57Z">
          <reporter-output>
          </reporter-output>
        </test-method> <!-- testCase2 -->
        <test-method status="PASS" signature="testCase1()[pri:0, instance:com.annotationtest.dependency@8bd1b6a]" name="testCase1" duration-ms="5" started-at="2020-01-03T17:33:57Z" depends-on-methods="com.annotationtest.dependency.testCase3" finished-at="2020-01-03T17:33:57Z">
          <reporter-output>
          </reporter-output>
        </test-method> <!-- testCase1 -->
      </class> <!-- com.annotationtest.dependency -->
    </test> <!-- Default test -->
  </suite> <!-- Default suite -->
</testng-results>
